Calling script create_tablespaces
Creating tablespace MMF_9_12_DATA.
old   1: CREATE SMALLFILE TABLESPACE &&DATA_TABLESPACE_NAME DATAFILE '&&DATA_FILE_NAME' SIZE 10M AUTOEXTEND ON NEXT 10M MAXSIZE 1G EXTENT MANAGEMENT LOCAL SEGMENT SPACE MANAGEMENT AUTO
new   1: CREATE SMALLFILE TABLESPACE MMF_9_12_DATA DATAFILE '/home/oracle/Documents/MMF_9_12_DATA.DBF' SIZE 10M AUTOEXTEND ON NEXT 10M MAXSIZE 1G EXTENT MANAGEMENT LOCAL SEGMENT SPACE MANAGEMENT AUTO

Tablespace created.

Creating tablespace MMF_9_12_IDX.
old   1: CREATE SMALLFILE TABLESPACE &&INDEX_TABLESPACE_NAME DATAFILE '&&INDEX_FILE_NAME' SIZE 10M AUTOEXTEND ON NEXT 10M MAXSIZE 1G EXTENT MANAGEMENT LOCAL SEGMENT SPACE MANAGEMENT AUTO
new   1: CREATE SMALLFILE TABLESPACE MMF_9_12_IDX DATAFILE '/home/oracle/Documents/MMF_9_12_IDX.DBF' SIZE 10M AUTOEXTEND ON NEXT 10M MAXSIZE 1G EXTENT MANAGEMENT LOCAL SEGMENT SPACE MANAGEMENT AUTO

Tablespace created.

Calling script create_schema
Creating user MMF_9_12
old   1: CREATE USER &&USER_NAME IDENTIFIED BY oracle DEFAULT TABLESPACE "MMF_9_12_DATA" ACCOUNT UNLOCK
new   1: CREATE USER MMF_9_12 IDENTIFIED BY oracle DEFAULT TABLESPACE "MMF_9_12_DATA" ACCOUNT UNLOCK

User created.

Calling script privilege_schema
Granting privileges to MMF_9_12
old   1: GRANT CREATE TRIGGER TO &USER_NAME
new   1: GRANT CREATE TRIGGER TO MMF_9_12

Grant succeeded.

old   1: GRANT CREATE ANY DIRECTORY TO &USER_NAME
new   1: GRANT CREATE ANY DIRECTORY TO MMF_9_12

Grant succeeded.

old   1: GRANT CREATE SESSION TO &USER_NAME
new   1: GRANT CREATE SESSION TO MMF_9_12

Grant succeeded.

old   1: GRANT CREATE TABLE TO &USER_NAME
new   1: GRANT CREATE TABLE TO MMF_9_12

Grant succeeded.

old   1: GRANT CREATE TYPE TO &USER_NAME
new   1: GRANT CREATE TYPE TO MMF_9_12

Grant succeeded.

old   1: GRANT CREATE SYNONYM TO &USER_NAME
new   1: GRANT CREATE SYNONYM TO MMF_9_12

Grant succeeded.

old   1: GRANT CREATE SEQUENCE TO &USER_NAME
new   1: GRANT CREATE SEQUENCE TO MMF_9_12

Grant succeeded.

old   1: GRANT CREATE PROCEDURE TO &USER_NAME
new   1: GRANT CREATE PROCEDURE TO MMF_9_12

Grant succeeded.

